
--- Job Demo2.gms Start 11/06/14 12:52:00
GAMS Rev 227  Copyright (C) 1987-2008 GAMS Development. All rights reserved
*** License File validation failed
*** System downgraded to demonstration mode
***
*** Contact your distributor or GAMS Development Corp
*** 202-342-0180, -0181 fax, support@gams.com
*** GAMS Base Module May  1, 2008 22.7.2 WEX 4648.4799 WEI x86_64/MS Windows   
***
*** BldDate : May  8, 2008
*** SysDir  : C:\Program Files (x86)\GAMS22.7\
*** BldStamp: wei 22.7 (): Thu 08 May 05:30:48 PM EST 2008
*** License : C:\My Manchester\Watersys\Demo2\dataset 1.txt
***
*** * Network topology defenition                                    
***                                                                  
*** J1                                                               
*** Urb1
***
*** Above license is invalid
--- Starting compilation
--- Demo2.gms(12) 2 Mb
--- .dataset 1.txt(159) 3 Mb
--- Demo2.gms(126) 3 Mb
--- Starting execution: elapsed 0:00:00.008
--- Demo2.gms(259) 4 Mb
--- Generating LP model Demo2
--- Demo2.gms(262) 4 Mb
--- LOOPS tsteps = 1
---   17 rows  8 columns  29 non-zeroes
--- Demo2.gms(262) 4 Mb
--- Executing COINIPOPT: elapsed 0:00:00.110

GAMS/CoinIpopt NLP Solver (IPOPT Library 3.4dev, using MUMPS Library 4.7.3)
written by A. Waechter

******************************************************************************
This program contains Ipopt, a library for large-scale nonlinear optimization.
 Ipopt is released as open source code under the Common Public License (CPL).
         For more information visit http://projects.coin-or.org/Ipopt
******************************************************************************

NOTE: You are using Ipopt by default with the MUMPS linear solver.
      Other linear solvers might be more efficient (see Ipopt documentation).


Number of nonzeros in equality constraint Jacobian...:       14
Number of nonzeros in inequality constraint Jacobian.:       10
Number of nonzeros in Lagrangian Hessian.............:        0

Total number of variables............................:        7
                     variables with only lower bounds:        5
                variables with lower and upper bounds:        0
                     variables with only upper bounds:        0
Total number of equality constraints.................:        6
Total number of inequality constraints...............:       10
        inequality constraints with only lower bounds:        5
   inequality constraints with lower and upper bounds:        0
        inequality constraints with only upper bounds:        5

iter    objective    inf_pr   inf_du lg(mu)  ||d||  lg(rg) alpha_du alpha_pr  ls
   0 4.6000000e-001 7.50e+002 1.90e+001   0.0 0.00e+000    -  0.00e+000 0.00e+000   0
   1 1.5220529e+000 7.50e+002 1.71e+005   3.2 9.74e+002    -  1.00e+000 6.24e-005f  1
   2 1.2330284e+002 7.43e+002 1.25e+007  -2.7 6.21e+002    -  1.13e-004 9.66e-003h  1
   3 1.2596072e+002 7.43e+002 1.25e+007  -1.9 6.72e+002    -  5.96e-004 1.88e-004h  1
   4 6.5876720e+003 4.04e+002 7.59e+006   3.9 6.60e+002    -  8.06e-003 4.56e-001f  1
   5 6.6539365e+003 4.01e+002 7.53e+006   3.5 3.31e+002    -  3.34e-001 9.08e-003h  1
   6 9.0246018e+003 6.11e-001 6.62e+002   3.2 2.81e+002    -  1.01e-001 1.00e+000f  1
   7 8.0785031e+003 3.82e-005 2.20e+001   2.7 4.59e+001    -  9.66e-001 1.00e+000f  1
   8 5.9871342e+003 7.30e-007 3.51e-001   2.7 9.87e+001    -  9.69e-001 1.00e+000f  1
   9 4.9091841e+003 3.76e-007 3.74e+000   1.9 8.91e+001    -  9.90e-001 5.19e-001f  1
iter    objective    inf_pr   inf_du lg(mu)  ||d||  lg(rg) alpha_du alpha_pr  ls
  10 4.4825620e+003 2.80e-007 1.83e+000   0.5 5.17e+001    -  6.60e-001 1.00e+000f  1
  11 4.2129933e+003 2.03e-008 1.91e-001   0.4 4.52e+001    -  9.24e-001 8.79e-001f  1
  12 4.1917271e+003 4.05e-008 6.32e-001  -0.2 5.49e+000    -  1.00e+000 8.29e-001f  1
  13 4.1901190e+003 1.18e-008 9.04e-002  -2.1 2.12e-001    -  9.95e-001 9.09e-001f  1
  14 4.1900015e+003 3.85e-010 6.98e-004  -3.8 6.45e-003    -  9.93e-001 9.92e-001f  1
  15 4.1900000e+003 1.36e-012 7.46e-007  -9.5 6.46e-005    -  9.99e-001 9.99e-001f  1
  16 4.1900000e+003 2.84e-014 2.14e-015 -11.0 6.91e-008    -  1.00e+000 1.00e+000h  1

Number of Iterations....: 16

                                   (scaled)                 (unscaled)
Objective...............:  4.1900000000000309e+003   4.1900000000000309e+003
Dual infeasibility......:  2.1442178485577544e-015   2.1442178485577544e-015
Constraint violation....:  2.8421709430404007e-014   2.8421709430404007e-014
Complementarity.........:  1.0004441719503443e-011   1.0004441719503443e-011
Overall NLP error.......:  1.0004441719503443e-011   1.0004441719503443e-011


Number of objective function evaluations             = 17
Number of objective gradient evaluations             = 17
Number of equality constraint evaluations            = 17
Number of inequality constraint evaluations          = 17
Number of equality constraint Jacobian evaluations   = 17
Number of inequality constraint Jacobian evaluations = 17
Number of Lagrangian Hessian evaluations             = 16
Total CPU secs in IPOPT (w/o function evaluations)   =      0.039
Total CPU secs in NLP function evaluations           =      0.000

EXIT: Optimal Solution Found.
--- Restarting execution
--- Demo2.gms(262) 2 Mb
--- Reading solution for model Demo2
--- Demo2.gms(262) 2 Mb
--- Executing after solve: elapsed 0:00:00.216
--- Demo2.gms(259) 3 Mb
--- Generating LP model Demo2
--- Demo2.gms(262) 3 Mb
--- LOOPS tsteps = 2
---   17 rows  9 columns  30 non-zeroes
--- Demo2.gms(262) 3 Mb
--- Executing COINIPOPT: elapsed 0:00:00.242

GAMS/CoinIpopt NLP Solver (IPOPT Library 3.4dev, using MUMPS Library 4.7.3)
written by A. Waechter

******************************************************************************
This program contains Ipopt, a library for large-scale nonlinear optimization.
 Ipopt is released as open source code under the Common Public License (CPL).
         For more information visit http://projects.coin-or.org/Ipopt
******************************************************************************

NOTE: You are using Ipopt by default with the MUMPS linear solver.
      Other linear solvers might be more efficient (see Ipopt documentation).


Number of nonzeros in equality constraint Jacobian...:       14
Number of nonzeros in inequality constraint Jacobian.:       10
Number of nonzeros in Lagrangian Hessian.............:        0

Total number of variables............................:        7
                     variables with only lower bounds:        5
                variables with lower and upper bounds:        0
                     variables with only upper bounds:        0
Total number of equality constraints.................:        6
Total number of inequality constraints...............:       10
        inequality constraints with only lower bounds:        5
   inequality constraints with lower and upper bounds:        0
        inequality constraints with only upper bounds:        5

iter    objective    inf_pr   inf_du lg(mu)  ||d||  lg(rg) alpha_du alpha_pr  ls
   0 4.3000000e-001 8.20e+002 1.40e+001   0.0 0.00e+000    -  0.00e+000 0.00e+000   0
   1 1.8262696e+000 8.20e+002 2.09e+005   3.3 1.12e+003    -  1.00e+000 5.51e-005h  1
   2 1.5243020e+002 8.13e+002 1.66e+007  -2.6 6.76e+002    -  1.05e-004 9.69e-003h  1
   3 1.5949366e+002 8.13e+002 1.66e+007  -1.7 7.60e+002    -  7.01e-004 3.85e-004h  1
   4 7.1727366e+003 5.01e+002 1.13e+007   4.0 7.56e+002    -  7.44e-003 3.84e-001f  1
   5 7.2431309e+003 4.97e+002 1.12e+007   3.3 4.55e+002    -  3.11e-001 6.37e-003h  1
   6 8.0423522e+003 2.37e+002 5.36e+006   4.7 3.87e+002    -  1.55e-001 5.23e-001f  1
   7 8.3594685e+003 2.16e+002 4.87e+006  -1.4 1.39e+002    -  5.75e-001 9.02e-002h  1
   8 6.7744317e+003 2.26e-002 2.49e-002   3.4 2.87e+002    -  1.00e+000 1.00e+000f  1
   9 6.3250452e+003 4.98e-006 1.31e+001  -2.6 1.95e+001    -  8.14e-001 1.00e+000f  1
iter    objective    inf_pr   inf_du lg(mu)  ||d||  lg(rg) alpha_du alpha_pr  ls
  10 4.6456703e+003 1.90e-006 4.91e+000   1.7 1.25e+002    -  8.07e-001 6.14e-001f  1
  11 4.4050876e+003 1.03e-006 5.20e+000   1.8 4.43e+001    -  9.84e-001 4.29e-001f  1
  12 4.3230872e+003 4.38e-007 4.20e+000   0.4 5.07e+000    -  1.00e+000 6.78e-001f  1
  13 4.3200676e+003 6.82e-008 1.68e-001  -1.4 1.79e-001    -  9.96e-001 9.65e-001f  1
  14 4.3200007e+003 1.48e-009 1.75e-003  -7.2 3.29e-003    -  9.90e-001 9.90e-001f  1
  15 4.3200000e+003 2.84e-012 3.06e-006  -9.2 3.31e-005    -  9.98e-001 9.98e-001f  1
  16 4.3200000e+003 5.68e-014 2.12e-015 -11.0 5.88e-006    -  1.00e+000 1.00e+000h  1

Number of Iterations....: 16

                                   (scaled)                 (unscaled)
Objective...............:  4.3200000000000036e+003   4.3200000000000036e+003
Dual infeasibility......:  2.1194219839036637e-015   2.1194219839036637e-015
Constraint violation....:  5.6843418860808015e-014   5.6843418860808015e-014
Complementarity.........:  1.0389984452160122e-011   1.0389984452160122e-011
Overall NLP error.......:  1.0389984452160122e-011   1.0389984452160122e-011


Number of objective function evaluations             = 17
Number of objective gradient evaluations             = 17
Number of equality constraint evaluations            = 17
Number of inequality constraint evaluations          = 17
Number of equality constraint Jacobian evaluations   = 17
Number of inequality constraint Jacobian evaluations = 17
Number of Lagrangian Hessian evaluations             = 16
Total CPU secs in IPOPT (w/o function evaluations)   =      0.046
Total CPU secs in NLP function evaluations           =      0.000

EXIT: Optimal Solution Found.
--- Restarting execution
--- Demo2.gms(262) 2 Mb
--- Reading solution for model Demo2
--- Demo2.gms(262) 2 Mb
--- Executing after solve: elapsed 0:00:00.355
--- Demo2.gms(259) 3 Mb
--- Generating LP model Demo2
--- Demo2.gms(262) 3 Mb
--- LOOPS tsteps = 3
---   17 rows  9 columns  30 non-zeroes
--- Demo2.gms(262) 3 Mb
--- Executing COINIPOPT: elapsed 0:00:00.379

GAMS/CoinIpopt NLP Solver (IPOPT Library 3.4dev, using MUMPS Library 4.7.3)
written by A. Waechter

******************************************************************************
This program contains Ipopt, a library for large-scale nonlinear optimization.
 Ipopt is released as open source code under the Common Public License (CPL).
         For more information visit http://projects.coin-or.org/Ipopt
******************************************************************************

NOTE: You are using Ipopt by default with the MUMPS linear solver.
      Other linear solvers might be more efficient (see Ipopt documentation).


Number of nonzeros in equality constraint Jacobian...:       14
Number of nonzeros in inequality constraint Jacobian.:       10
Number of nonzeros in Lagrangian Hessian.............:        0

Total number of variables............................:        7
                     variables with only lower bounds:        5
                variables with lower and upper bounds:        0
                     variables with only upper bounds:        0
Total number of equality constraints.................:        6
Total number of inequality constraints...............:       10
        inequality constraints with only lower bounds:        5
   inequality constraints with lower and upper bounds:        0
        inequality constraints with only upper bounds:        5

iter    objective    inf_pr   inf_du lg(mu)  ||d||  lg(rg) alpha_du alpha_pr  ls
   0 5.2000000e-001 8.20e+002 1.90e+001   0.0 0.00e+000    -  0.00e+000 0.00e+000   0
   1 1.8523786e+000 8.20e+002 2.21e+005   3.3 1.18e+003    -  1.00e+000 5.53e-005h  1
   2 1.5477977e+002 8.13e+002 1.83e+007  -2.6 6.92e+002    -  1.07e-004 9.75e-003h  1
   3 2.1102702e+002 8.11e+002 1.83e+007   4.0 7.94e+002    -  8.97e-004 2.98e-003h  1
   4 7.0574383e+003 5.15e+002 1.17e+007   4.3 7.90e+002    -  9.26e-003 3.64e-001f  1
   5 7.1260957e+003 5.12e+002 1.17e+007   2.9 5.01e+002    -  3.06e-001 5.75e-003h  1
   6 1.0828908e+004 2.95e+002 6.75e+006   4.4 4.83e+002    -  1.04e-002 4.22e-001f  1
   7 1.0956283e+004 2.89e+002 6.60e+006  -1.5 1.73e+002    -  4.99e-001 2.14e-002h  1
   8 1.0269045e+004 3.04e-002 2.48e-002   3.4 3.20e+002    -  1.00e+000 1.00e+000f  1
   9 8.8079913e+003 2.30e-006 3.32e+000   2.7 6.73e+001    -  8.98e-001 1.00e+000f  1
iter    objective    inf_pr   inf_du lg(mu)  ||d||  lg(rg) alpha_du alpha_pr  ls
  10 7.1214331e+003 9.30e-007 3.14e+000   2.3 1.39e+002    -  9.97e-001 5.71e-001f  1
  11 7.0291299e+003 4.57e-007 9.57e-001   0.9 1.73e+001    -  8.87e-001 1.00e+000f  1
  12 6.7322470e+003 1.46e-008 5.33e-002   1.0 8.41e+001    -  9.91e-001 9.41e-001f  1
  13 6.7138518e+003 1.24e-008 2.98e-001  -0.5 8.93e+000    -  1.00e+000 6.64e-001f  1
  14 6.7100560e+003 2.54e-009 3.68e-003  -2.1 2.01e-001    -  9.94e-001 9.88e-001f  1
  15 6.7100006e+003 3.88e-011 3.86e-005  -7.8 6.86e-003    -  9.90e-001 9.90e-001f  1
  16 6.7100000e+003 5.68e-014 1.28e-008  -9.8 7.17e-005    -  1.00e+000 1.00e+000f  1
  17 6.7100000e+003 5.68e-014 2.24e-015 -11.0 2.38e-008    -  1.00e+000 1.00e+000h  1

Number of Iterations....: 17

                                   (scaled)                 (unscaled)
Objective...............:  6.7100000000000209e+003   6.7100000000000209e+003
Dual infeasibility......:  2.2364309888726095e-015   2.2364309888726095e-015
Constraint violation....:  5.6843418860808015e-014   5.6843418860808015e-014
Complementarity.........:  1.0004441719502054e-011   1.0004441719502054e-011
Overall NLP error.......:  1.0004441719502054e-011   1.0004441719502054e-011


Number of objective function evaluations             = 18
Number of objective gradient evaluations             = 18
Number of equality constraint evaluations            = 18
Number of inequality constraint evaluations          = 18
Number of equality constraint Jacobian evaluations   = 18
Number of inequality constraint Jacobian evaluations = 18
Number of Lagrangian Hessian evaluations             = 17
Total CPU secs in IPOPT (w/o function evaluations)   =      0.053
Total CPU secs in NLP function evaluations           =      0.001

EXIT: Optimal Solution Found.
--- Restarting execution
--- Demo2.gms(262) 2 Mb
--- Reading solution for model Demo2
--- Demo2.gms(262) 2 Mb
--- Executing after solve: elapsed 0:00:00.493
--- Demo2.gms(259) 3 Mb
--- Generating LP model Demo2
--- Demo2.gms(262) 3 Mb
--- LOOPS tsteps = 4
---   17 rows  9 columns  30 non-zeroes
--- Demo2.gms(262) 3 Mb
--- Executing COINIPOPT: elapsed 0:00:00.517

GAMS/CoinIpopt NLP Solver (IPOPT Library 3.4dev, using MUMPS Library 4.7.3)
written by A. Waechter

******************************************************************************
This program contains Ipopt, a library for large-scale nonlinear optimization.
 Ipopt is released as open source code under the Common Public License (CPL).
         For more information visit http://projects.coin-or.org/Ipopt
******************************************************************************

NOTE: You are using Ipopt by default with the MUMPS linear solver.
      Other linear solvers might be more efficient (see Ipopt documentation).


Number of nonzeros in equality constraint Jacobian...:       14
Number of nonzeros in inequality constraint Jacobian.:       10
Number of nonzeros in Lagrangian Hessian.............:        0

Total number of variables............................:        7
                     variables with only lower bounds:        5
                variables with lower and upper bounds:        0
                     variables with only upper bounds:        0
Total number of equality constraints.................:        6
Total number of inequality constraints...............:       10
        inequality constraints with only lower bounds:        5
   inequality constraints with lower and upper bounds:        0
        inequality constraints with only upper bounds:        5

iter    objective    inf_pr   inf_du lg(mu)  ||d||  lg(rg) alpha_du alpha_pr  ls
   0 4.2000000e-001 8.30e+002 1.40e+001   0.0 0.00e+000    -  0.00e+000 0.00e+000   0
   1 1.6341929e+000 8.30e+002 2.25e+005   3.3 1.18e+003    -  1.00e+000 5.58e-005h  1
   2 1.3828092e+002 8.23e+002 1.85e+007  -2.6 7.00e+002    -  1.08e-004 9.75e-003h  1
   3 1.5894749e+002 8.22e+002 1.85e+007  -1.7 8.05e+002    -  8.89e-004 1.23e-003h  1
   4 6.1808547e+003 5.25e+002 1.20e+007   4.4 8.01e+002    -  7.05e-003 3.61e-001f  1
   5 6.2412028e+003 5.22e+002 1.19e+007   2.9 5.12e+002    -  3.21e-001 5.65e-003h  1
   6 7.7998654e+003 1.86e+002 4.23e+006   4.9 3.16e+002    -  6.98e-002 6.44e-001f  1
   7 7.9440147e+003 1.68e+002 3.83e+006  -1.3 1.05e+002    -  6.53e-001 9.45e-002h  1
   8 7.6885414e+003 1.97e-002 2.65e-002   3.4 1.84e+002    -  1.00e+000 1.00e+000f  1
   9 7.2003155e+003 2.40e-006 4.37e-003   2.6 2.70e+001    -  1.00e+000 1.00e+000f  1
iter    objective    inf_pr   inf_du lg(mu)  ||d||  lg(rg) alpha_du alpha_pr  ls
  10 5.8782989e+003 8.19e-007 1.12e+000   1.8 1.06e+002    -  8.86e-001 6.63e-001f  1
  11 5.5416308e+003 1.46e-007 6.97e-001   0.4 3.36e+001    -  8.14e-001 1.00e+000f  1
  12 5.4519777e+003 4.43e-008 5.03e-001   0.7 4.44e+001    -  9.96e-001 6.88e-001f  1
  13 5.4372816e+003 9.90e-009 1.29e-002  -0.8 1.39e+000    -  9.92e-001 9.80e-001f  1
  14 5.4370033e+003 3.81e-010 2.75e-004  -6.6 2.86e-002    -  9.90e-001 9.87e-001f  1
  15 5.4370000e+003 3.87e-012 2.72e-006  -8.6 3.35e-004    -  9.90e-001 9.90e-001f  1
  16 5.4370000e+003 1.42e-014 2.54e-010 -10.6 3.29e-006    -  1.00e+000 1.00e+000f  1

Number of Iterations....: 16

                                   (scaled)                 (unscaled)
Objective...............:  5.4370000000031141e+003   5.4370000000031141e+003
Dual infeasibility......:  2.5449303787868985e-010   2.5449303787868985e-010
Constraint violation....:  1.4210854715202004e-014   1.4210854715202004e-014
Complementarity.........:  9.2592150576589251e-009   9.2592150576589251e-009
Overall NLP error.......:  9.2592150576589251e-009   9.2592150576589251e-009


Number of objective function evaluations             = 17
Number of objective gradient evaluations             = 17
Number of equality constraint evaluations            = 17
Number of inequality constraint evaluations          = 17
Number of equality constraint Jacobian evaluations   = 17
Number of inequality constraint Jacobian evaluations = 17
Number of Lagrangian Hessian evaluations             = 16
Total CPU secs in IPOPT (w/o function evaluations)   =      0.072
Total CPU secs in NLP function evaluations           =      0.001

EXIT: Optimal Solution Found.
--- Restarting execution
--- Demo2.gms(262) 2 Mb
--- Reading solution for model Demo2
--- Demo2.gms(262) 2 Mb
--- Executing after solve: elapsed 0:00:00.647
--- Demo2.gms(259) 3 Mb
--- Generating LP model Demo2
--- Demo2.gms(262) 3 Mb
--- LOOPS tsteps = 5
---   17 rows  9 columns  30 non-zeroes
--- Demo2.gms(262) 3 Mb
--- Executing COINIPOPT: elapsed 0:00:00.670

GAMS/CoinIpopt NLP Solver (IPOPT Library 3.4dev, using MUMPS Library 4.7.3)
written by A. Waechter

******************************************************************************
This program contains Ipopt, a library for large-scale nonlinear optimization.
 Ipopt is released as open source code under the Common Public License (CPL).
         For more information visit http://projects.coin-or.org/Ipopt
******************************************************************************

NOTE: You are using Ipopt by default with the MUMPS linear solver.
      Other linear solvers might be more efficient (see Ipopt documentation).


Number of nonzeros in equality constraint Jacobian...:       14
Number of nonzeros in inequality constraint Jacobian.:       10
Number of nonzeros in Lagrangian Hessian.............:        0

Total number of variables............................:        7
                     variables with only lower bounds:        5
                variables with lower and upper bounds:        0
                     variables with only upper bounds:        0
Total number of equality constraints.................:        6
Total number of inequality constraints...............:       10
        inequality constraints with only lower bounds:        5
   inequality constraints with lower and upper bounds:        0
        inequality constraints with only upper bounds:        5

iter    objective    inf_pr   inf_du lg(mu)  ||d||  lg(rg) alpha_du alpha_pr  ls
   0 4.7000000e-001 8.10e+002 1.80e+001   0.0 0.00e+000    -  0.00e+000 0.00e+000   0
   1 1.6236009e+000 8.10e+002 2.00e+005   3.3 1.10e+003    -  1.00e+000 5.71e-005h  1
   2 1.3728599e+002 8.03e+002 1.60e+007  -2.6 6.71e+002    -  1.07e-004 9.69e-003h  1
   3 1.4477818e+002 8.03e+002 1.60e+007  -1.8 7.50e+002    -  6.73e-004 4.59e-004h  1
   4 6.6941751e+003 4.80e+002 1.03e+007   4.0 7.46e+002    -  7.60e-003 4.02e-001f  1
   5 6.7600364e+003 4.77e+002 1.03e+007   3.0 4.38e+002    -  3.37e-001 6.86e-003h  1
   6 9.5722580e+003 6.33e-001 1.50e+003   3.3 3.28e+002    -  4.65e-002 1.00e+000f  1
   7 8.5847125e+003 8.07e-005 2.00e+001   2.6 5.07e+001    -  9.69e-001 1.00e+000f  1
   8 6.4355818e+003 8.71e-006 1.56e+000   2.7 1.16e+002    -  1.00e+000 8.88e-001f  1
   9 6.2964547e+003 6.38e-007 1.33e+000   1.5 2.40e+001    -  8.90e-001 1.00e+000f  1
iter    objective    inf_pr   inf_du lg(mu)  ||d||  lg(rg) alpha_du alpha_pr  ls
  10 5.8828891e+003 9.13e-008 2.33e-001   0.8 6.72e+001    -  1.00e+000 8.21e-001f  1
  11 5.8395900e+003 4.19e-008 1.19e-002   0.3 3.01e+001    -  9.95e-001 1.00e+000f  1
  12 5.8305553e+003 5.09e-009 1.32e-002  -1.8 7.10e+000    -  9.68e-001 8.63e-001f  1
  13 5.8300136e+003 2.11e-010 7.21e-004  -2.7 6.23e-002    -  9.96e-001 9.83e-001f  1
  14 5.8300001e+003 3.81e-012 5.11e-006  -8.5 1.06e-003    -  9.93e-001 9.93e-001f  1
  15 5.8300000e+003 5.68e-014 2.30e-010 -10.7 7.42e-006    -  1.00e+000 1.00e+000f  1

Number of Iterations....: 15

                                   (scaled)                 (unscaled)
Objective...............:  5.8300000000024365e+003   5.8300000000024365e+003
Dual infeasibility......:  2.3030999329876067e-010   2.3030999329876067e-010
Constraint violation....:  5.6843418860808015e-014   5.6843418860808015e-014
Complementarity.........:  2.0531274458243500e-009   2.0531274458243500e-009
Overall NLP error.......:  2.0531274458243500e-009   2.0531274458243500e-009


Number of objective function evaluations             = 16
Number of objective gradient evaluations             = 16
Number of equality constraint evaluations            = 16
Number of inequality constraint evaluations          = 16
Number of equality constraint Jacobian evaluations   = 16
Number of inequality constraint Jacobian evaluations = 16
Number of Lagrangian Hessian evaluations             = 15
Total CPU secs in IPOPT (w/o function evaluations)   =      0.106
Total CPU secs in NLP function evaluations           =      0.000

EXIT: Optimal Solution Found.
--- Restarting execution
--- Demo2.gms(262) 2 Mb
--- Reading solution for model Demo2
--- Demo2.gms(262) 2 Mb
--- Executing after solve: elapsed 0:00:00.841
--- Demo2.gms(259) 3 Mb
--- Generating LP model Demo2
--- Demo2.gms(262) 3 Mb
--- LOOPS tsteps = 6
---   17 rows  9 columns  30 non-zeroes
--- Demo2.gms(262) 3 Mb
--- Executing COINIPOPT: elapsed 0:00:00.865

GAMS/CoinIpopt NLP Solver (IPOPT Library 3.4dev, using MUMPS Library 4.7.3)
written by A. Waechter

******************************************************************************
This program contains Ipopt, a library for large-scale nonlinear optimization.
 Ipopt is released as open source code under the Common Public License (CPL).
         For more information visit http://projects.coin-or.org/Ipopt
******************************************************************************

NOTE: You are using Ipopt by default with the MUMPS linear solver.
      Other linear solvers might be more efficient (see Ipopt documentation).


Number of nonzeros in equality constraint Jacobian...:       14
Number of nonzeros in inequality constraint Jacobian.:       10
Number of nonzeros in Lagrangian Hessian.............:        0

Total number of variables............................:        7
                     variables with only lower bounds:        5
                variables with lower and upper bounds:        0
                     variables with only upper bounds:        0
Total number of equality constraints.................:        6
Total number of inequality constraints...............:       10
        inequality constraints with only lower bounds:        5
   inequality constraints with lower and upper bounds:        0
        inequality constraints with only upper bounds:        5

iter    objective    inf_pr   inf_du lg(mu)  ||d||  lg(rg) alpha_du alpha_pr  ls
   0 4.0000000e-001 8.10e+002 1.40e+001   0.0 0.00e+000    -  0.00e+000 0.00e+000   0
   1 1.7068800e+000 8.10e+002 2.00e+005   3.3 1.10e+003    -  1.00e+000 5.71e-005h  1
   2 1.4332800e+002 8.03e+002 1.60e+007  -2.6 6.71e+002    -  1.07e-004 9.69e-003h  1
   3 1.5112629e+002 8.03e+002 1.60e+007  -1.8 7.50e+002    -  6.72e-004 4.60e-004h  1
   4 6.7268648e+003 4.91e+002 1.05e+007   4.0 7.46e+002    -  7.60e-003 3.89e-001f  1
   5 6.7928144e+003 4.87e+002 1.05e+007   3.0 4.47e+002    -  3.09e-001 6.49e-003h  1
   6 8.3665053e+003 6.38e-001 6.59e+003   2.8 3.30e+002    -  3.68e-002 1.00e+000f  1
   7 8.0818055e+003 2.97e-004 2.47e+001   2.4 2.73e+001    -  9.69e-001 1.00e+000f  1
   8 6.1253594e+003 3.00e-005 7.75e+000   2.7 1.39e+002    -  5.39e-001 8.99e-001f  1
   9 5.6461626e+003 6.51e-007 5.31e+000   1.3 3.50e+001    -  6.06e-001 1.00e+000f  1
iter    objective    inf_pr   inf_du lg(mu)  ||d||  lg(rg) alpha_du alpha_pr  ls
  10 4.4805577e+003 7.29e-008 1.11e+000   1.6 1.25e+002    -  7.60e-001 7.96e-001f  1
  11 4.3859320e+003 1.30e-007 1.76e+000   0.8 9.04e+000    -  9.61e-001 7.23e-001f  1
  12 4.3511992e+003 5.48e-008 4.67e-001  -0.4 9.00e+000    -  9.98e-001 7.66e-001f  1
  13 4.3500741e+003 6.91e-009 5.11e-002  -2.1 7.35e-002    -  9.93e-001 9.37e-001f  1
  14 4.3500008e+003 1.75e-010 5.50e-004  -7.7 5.32e-003    -  9.90e-001 9.89e-001f  1
  15 4.3500000e+003 2.56e-013 6.47e-007  -9.7 5.70e-005    -  9.99e-001 9.99e-001f  1
  16 4.3500000e+003 5.68e-014 1.51e-015 -11.0 6.70e-008    -  1.00e+000 1.00e+000h  1

Number of Iterations....: 16

                                   (scaled)                 (unscaled)
Objective...............:  4.3499999999978681e+003   4.3499999999978681e+003
Dual infeasibility......:  1.5145006274732757e-015   1.5145006274732757e-015
Constraint violation....:  5.6843418860808015e-014   5.6843418860808015e-014
Complementarity.........:  1.0231815394945273e-011   1.0231815394945273e-011
Overall NLP error.......:  1.0231815394945273e-011   1.0231815394945273e-011


Number of objective function evaluations             = 17
Number of objective gradient evaluations             = 17
Number of equality constraint evaluations            = 17
Number of inequality constraint evaluations          = 17
Number of equality constraint Jacobian evaluations   = 17
Number of inequality constraint Jacobian evaluations = 17
Number of Lagrangian Hessian evaluations             = 16
Total CPU secs in IPOPT (w/o function evaluations)   =      0.049
Total CPU secs in NLP function evaluations           =      0.000

EXIT: Optimal Solution Found.
--- Restarting execution
--- Demo2.gms(262) 2 Mb
--- Reading solution for model Demo2
--- Demo2.gms(262) 2 Mb
--- Executing after solve: elapsed 0:00:00.972
--- Demo2.gms(271) 3 Mb
*** Status: Normal completion
--- Job Demo2.gms Stop 11/06/14 12:52:01 elapsed 0:00:00.977
