
--- Job Demo 3.gms Start 11/06/14 19:13:50
GAMS Rev 227  Copyright (C) 1987-2008 GAMS Development. All rights reserved
*** License File validation failed
*** System downgraded to demonstration mode
***
*** Contact your distributor or GAMS Development Corp
*** 202-342-0180, -0181 fax, support@gams.com
*** GAMS Base Module May  1, 2008 22.7.2 WEX 4648.4799 WEI x86_64/MS Windows   
***
*** BldDate : May  8, 2008
*** SysDir  : C:\Program Files (x86)\GAMS22.7\
*** BldStamp: wei 22.7 (): Thu 08 May 05:30:48 PM EST 2008
*** License : C:\My Manchester\Watersys\Demo3\dataset 1.txt
***
*** * There is no scrarcity in this scenario                         
***                                                                  
*** SETS    k topology defenition                                    
*** i vector of all nodes /
***
*** Above license is invalid
--- Starting compilation
--- Demo 3.gms(12) 2 Mb
--- .dataset 2.txt(381) 3 Mb
--- Demo 3.gms(124) 3 Mb
--- Starting execution: elapsed 0:00:00.008
--- Demo 3.gms(477) 4 Mb
--- Generating LP model Demo3
--- Demo 3.gms(480) 4 Mb
--- LOOPS tsteps = 1
---   82 rows  38 columns  132 non-zeroes
--- Demo 3.gms(480) 4 Mb
--- Executing COINIPOPT: elapsed 0:00:00.103

GAMS/CoinIpopt NLP Solver (IPOPT Library 3.4dev, using MUMPS Library 4.7.3)
written by A. Waechter

******************************************************************************
This program contains Ipopt, a library for large-scale nonlinear optimization.
 Ipopt is released as open source code under the Common Public License (CPL).
         For more information visit http://projects.coin-or.org/Ipopt
******************************************************************************

NOTE: You are using Ipopt by default with the MUMPS linear solver.
      Other linear solvers might be more efficient (see Ipopt documentation).


Number of nonzeros in equality constraint Jacobian...:       62
Number of nonzeros in inequality constraint Jacobian.:       64
Number of nonzeros in Lagrangian Hessian.............:        0

Total number of variables............................:       37
                     variables with only lower bounds:       32
                variables with lower and upper bounds:        5
                     variables with only upper bounds:        0
Total number of equality constraints.................:       17
Total number of inequality constraints...............:       64
        inequality constraints with only lower bounds:       32
   inequality constraints with lower and upper bounds:        0
        inequality constraints with only upper bounds:       32

iter    objective    inf_pr   inf_du lg(mu)  ||d||  lg(rg) alpha_du alpha_pr  ls
   0 -2.7100000e+000 1.10e+004 4.21e-001   0.0 0.00e+000    -  0.00e+000 0.00e+000   0
   1 -1.0467662e+002 1.08e+004 1.40e+004   2.1 7.06e+003    -  1.43e-006 2.01e-002f  1
   2 -1.9224145e+002 9.34e+003 1.21e+004   1.7 1.08e+004    -  1.29e-002 1.34e-001f  1
   3 -2.3619634e+002 8.47e+003 1.10e+004   1.3 9.35e+003    -  1.36e-001 9.31e-002f  1
   4 -2.0264475e+002 3.98e+003 5.15e+003   1.5 8.61e+003    -  1.12e-001 5.31e-001f  1
   5 -2.5870724e+002 2.84e-014 1.59e+001   1.0 3.96e+003    -  7.96e-001 1.00e+000f  1
   6 -2.6058613e+002 2.84e-014 5.48e+000   0.2 6.35e+000    -  9.53e-001 1.00e+000f  1
   7 -2.6984718e+002 1.82e-012 2.05e-001  -0.6 8.40e+000    -  9.90e-001 1.00e+000f  1
   8 -2.7089707e+002 2.84e-014 3.34e-002  -1.9 1.49e+000    -  9.92e-001 1.00e+000f  1
   9 -2.7099141e+002 1.14e-013 1.69e-004  -3.1 1.94e+000    -  9.98e-001 1.00e+000f  1
iter    objective    inf_pr   inf_du lg(mu)  ||d||  lg(rg) alpha_du alpha_pr  ls
  10 -2.7099994e+002 1.14e-013 3.25e-006  -5.2 2.92e-001    -  1.00e+000 9.99e-001f  1
  11 -2.7100000e+002 1.14e-013 4.73e-009 -11.0 4.12e-004    -  1.00e+000 1.00e+000f  1

Number of Iterations....: 11

                                   (scaled)                 (unscaled)
Objective...............: -2.7099999999650794e+002  -2.7099999999650794e+002
Dual infeasibility......:  4.7325960927935284e-009   4.7325960927935284e-009
Constraint violation....:  1.1368683772161603e-013   1.1368683772161603e-013
Complementarity.........:  2.5861345365337671e-009   2.5861345365337671e-009
Overall NLP error.......:  4.7325960927935284e-009   4.7325960927935284e-009


Number of objective function evaluations             = 12
Number of objective gradient evaluations             = 12
Number of equality constraint evaluations            = 12
Number of inequality constraint evaluations          = 12
Number of equality constraint Jacobian evaluations   = 12
Number of inequality constraint Jacobian evaluations = 12
Number of Lagrangian Hessian evaluations             = 11
Total CPU secs in IPOPT (w/o function evaluations)   =      0.054
Total CPU secs in NLP function evaluations           =      0.000

EXIT: Optimal Solution Found.
--- Restarting execution
--- Demo 3.gms(480) 2 Mb
--- Reading solution for model Demo3
--- Demo 3.gms(480) 2 Mb
--- Executing after solve: elapsed 0:00:00.225
--- Demo 3.gms(477) 3 Mb
--- Generating LP model Demo3
--- Demo 3.gms(480) 3 Mb
--- LOOPS tsteps = 2
---   82 rows  45 columns  139 non-zeroes
--- Demo 3.gms(480) 3 Mb
--- Executing COINIPOPT: elapsed 0:00:00.252

GAMS/CoinIpopt NLP Solver (IPOPT Library 3.4dev, using MUMPS Library 4.7.3)
written by A. Waechter

******************************************************************************
This program contains Ipopt, a library for large-scale nonlinear optimization.
 Ipopt is released as open source code under the Common Public License (CPL).
         For more information visit http://projects.coin-or.org/Ipopt
******************************************************************************

NOTE: You are using Ipopt by default with the MUMPS linear solver.
      Other linear solvers might be more efficient (see Ipopt documentation).


Number of nonzeros in equality constraint Jacobian...:       62
Number of nonzeros in inequality constraint Jacobian.:       64
Number of nonzeros in Lagrangian Hessian.............:        0

Total number of variables............................:       37
                     variables with only lower bounds:       32
                variables with lower and upper bounds:        5
                     variables with only upper bounds:        0
Total number of equality constraints.................:       17
Total number of inequality constraints...............:       64
        inequality constraints with only lower bounds:       32
   inequality constraints with lower and upper bounds:        0
        inequality constraints with only upper bounds:       32

iter    objective    inf_pr   inf_du lg(mu)  ||d||  lg(rg) alpha_du alpha_pr  ls
   0 -2.6829000e+002 1.20e+004 4.42e-001   0.0 0.00e+000    -  0.00e+000 0.00e+000   0
   1 -2.6920084e+002 1.19e+004 1.20e+003   2.1 7.69e+003    -  1.31e-006 1.58e-003f  1
   2 -2.5239599e+002 9.89e+003 8.21e+004   1.7 1.15e+004    -  1.06e-003 1.72e-001f  1
   3 -1.6442992e+002 5.03e+003 3.91e+004   1.7 9.94e+003    -  8.13e-002 4.92e-001f  1
   4 -1.2555424e+002 4.81e+003 3.71e+004   3.0 5.09e+003    -  9.38e-001 4.38e-002f  1
   5 -3.0951059e+001 6.93e+002 5.67e+003   2.9 4.80e+003    -  9.63e-001 8.56e-001f  1
   6 -2.2895383e+001 5.68e-014 2.78e+002   1.9 6.92e+002    -  8.99e-001 1.00e+000f  1
   7 -2.3337493e+001 2.84e-014 9.22e+001  -3.8 5.55e-001    -  9.60e-001 1.00e+000f  1
   8 -4.8752692e+001 1.82e-012 6.32e+000   0.6 4.50e+001    -  8.93e-001 1.00e+000f  1
   9 -7.7884398e+001 1.14e-013 5.66e+000  -0.4 6.13e+001    -  7.18e-001 1.00e+000f  1
iter    objective    inf_pr   inf_du lg(mu)  ||d||  lg(rg) alpha_du alpha_pr  ls
  10 -1.0689135e+002 1.82e-012 4.29e-006  -0.4 5.34e+001    -  1.00e+000 1.00e+000f  1
  11 -1.1625708e+002 2.84e-014 2.05e-001  -1.4 3.20e+001    -  8.81e-001 6.83e-001f  1
  12 -1.1965800e+002 5.68e-014 4.93e-002  -2.2 6.33e+000    -  7.23e-001 7.36e-001f  1
  13 -1.2088378e+002 5.68e-014 3.11e-001  -2.4 1.62e+001    -  7.83e-001 1.00e+000f  1
  14 -1.2099626e+002 1.14e-013 3.05e-003  -3.6 1.31e+000    -  1.00e+000 9.68e-001f  1
  15 -1.2100543e+002 1.82e-012 7.21e-011  -5.1 4.27e-002    -  1.00e+000 1.00e+000f  1
  16 -1.2100562e+002 1.82e-012 1.20e-007 -11.0 1.33e-003    -  9.99e-001 1.00e+000f  1
  17 -1.2100562e+002 1.14e-013 1.36e-011 -11.0 1.36e-007  -4.0 1.00e+000 1.00e+000h  1

Number of Iterations....: 17

                                   (scaled)                 (unscaled)
Objective...............: -1.2100561978840035e+002  -1.2100561978840035e+002
Dual infeasibility......:  1.3632801071311590e-011   1.3632801071311590e-011
Constraint violation....:  1.1368683772161603e-013   1.1368683772161603e-013
Complementarity.........:  1.0000381475023380e-011   1.0000381475023380e-011
Overall NLP error.......:  1.3632801071311590e-011   1.3632801071311590e-011


Number of objective function evaluations             = 18
Number of objective gradient evaluations             = 18
Number of equality constraint evaluations            = 18
Number of inequality constraint evaluations          = 18
Number of equality constraint Jacobian evaluations   = 18
Number of inequality constraint Jacobian evaluations = 18
Number of Lagrangian Hessian evaluations             = 17
Total CPU secs in IPOPT (w/o function evaluations)   =      0.070
Total CPU secs in NLP function evaluations           =      0.000

EXIT: Optimal Solution Found.
--- Restarting execution
--- Demo 3.gms(480) 2 Mb
--- Reading solution for model Demo3
--- Demo 3.gms(480) 2 Mb
--- Executing after solve: elapsed 0:00:00.390
--- Demo 3.gms(477) 3 Mb
--- Generating LP model Demo3
--- Demo 3.gms(480) 3 Mb
--- LOOPS tsteps = 3
---   82 rows  45 columns  139 non-zeroes
--- Demo 3.gms(480) 3 Mb
--- Executing COINIPOPT: elapsed 0:00:00.416

GAMS/CoinIpopt NLP Solver (IPOPT Library 3.4dev, using MUMPS Library 4.7.3)
written by A. Waechter

******************************************************************************
This program contains Ipopt, a library for large-scale nonlinear optimization.
 Ipopt is released as open source code under the Common Public License (CPL).
         For more information visit http://projects.coin-or.org/Ipopt
******************************************************************************

NOTE: You are using Ipopt by default with the MUMPS linear solver.
      Other linear solvers might be more efficient (see Ipopt documentation).


Number of nonzeros in equality constraint Jacobian...:       62
Number of nonzeros in inequality constraint Jacobian.:       64
Number of nonzeros in Lagrangian Hessian.............:        0

Total number of variables............................:       37
                     variables with only lower bounds:       32
                variables with lower and upper bounds:        5
                     variables with only upper bounds:        0
Total number of equality constraints.................:       17
Total number of inequality constraints...............:       64
        inequality constraints with only lower bounds:       32
   inequality constraints with lower and upper bounds:        0
        inequality constraints with only upper bounds:       32

iter    objective    inf_pr   inf_du lg(mu)  ||d||  lg(rg) alpha_du alpha_pr  ls
   0 -1.2100562e+002 1.29e+004 4.49e-001   0.0 0.00e+000    -  0.00e+000 0.00e+000   0
   1 -1.9738451e+002 1.28e+004 7.35e+003   2.0 8.29e+003    -  1.21e-006 8.98e-003f  1
   2 -2.3202397e+002 1.20e+004 6.92e+003   1.8 1.27e+004    -  5.80e-003 5.78e-002f  1
   3 -2.4515887e+002 1.17e+004 6.71e+003   1.1 1.21e+004    -  5.53e-002 3.03e-002f  1
   4 -2.3069019e+002 1.13e+004 6.50e+003   1.9 1.17e+004    -  1.72e-001 3.18e-002f  1
   5 -2.0232910e+002 4.35e+003 2.50e+003   1.6 1.13e+004    -  1.09e-001 6.15e-001f  1
   6 -2.0529827e+002 2.49e+003 1.43e+003   1.4 4.35e+003    -  1.00e+000 4.29e-001f  1
   7 -2.2745806e+002 2.13e-014 8.49e-005   0.9 2.48e+003    -  1.00e+000 1.00e+000f  1
   8 -2.6377984e+002 5.68e-014 1.09e-001   0.1 8.11e+000    -  9.99e-001 1.00e+000f  1
   9 -2.7081996e+002 2.84e-014 4.67e-002  -1.4 2.07e+000    -  9.95e-001 9.98e-001f  1
iter    objective    inf_pr   inf_du lg(mu)  ||d||  lg(rg) alpha_du alpha_pr  ls
  10 -2.7097735e+002 2.84e-014 1.09e-002  -2.6 8.90e-001    -  9.82e-001 1.00e+000f  1
  11 -2.7099945e+002 2.84e-014 6.59e-010  -4.2 2.68e-001    -  1.00e+000 1.00e+000f  1
  12 -2.7100000e+002 2.84e-014 4.65e-007 -10.2 3.98e-003    -  9.99e-001 1.00e+000f  1
  13 -2.7100000e+002 4.26e-014 3.55e-015 -11.0 1.50e-003    -  1.00e+000 1.00e+000h  1

Number of Iterations....: 13

                                   (scaled)                 (unscaled)
Objective...............: -2.7099999999994992e+002  -2.7099999999994992e+002
Dual infeasibility......:  3.5527136788005009e-015   3.5527136788005009e-015
Constraint violation....:  4.2632564145606011e-014   4.2632564145606011e-014
Complementarity.........:  1.4642809459646724e-011   1.4642809459646724e-011
Overall NLP error.......:  1.4642809459646724e-011   1.4642809459646724e-011


Number of objective function evaluations             = 14
Number of objective gradient evaluations             = 14
Number of equality constraint evaluations            = 14
Number of inequality constraint evaluations          = 14
Number of equality constraint Jacobian evaluations   = 14
Number of inequality constraint Jacobian evaluations = 14
Number of Lagrangian Hessian evaluations             = 13
Total CPU secs in IPOPT (w/o function evaluations)   =      0.074
Total CPU secs in NLP function evaluations           =      0.000

EXIT: Optimal Solution Found.
--- Restarting execution
--- Demo 3.gms(480) 2 Mb
--- Reading solution for model Demo3
--- Demo 3.gms(480) 2 Mb
--- Executing after solve: elapsed 0:00:00.554
--- Demo 3.gms(477) 3 Mb
--- Generating LP model Demo3
--- Demo 3.gms(480) 3 Mb
--- LOOPS tsteps = 4
---   82 rows  45 columns  139 non-zeroes
--- Demo 3.gms(480) 3 Mb
--- Executing COINIPOPT: elapsed 0:00:00.578

GAMS/CoinIpopt NLP Solver (IPOPT Library 3.4dev, using MUMPS Library 4.7.3)
written by A. Waechter

******************************************************************************
This program contains Ipopt, a library for large-scale nonlinear optimization.
 Ipopt is released as open source code under the Common Public License (CPL).
         For more information visit http://projects.coin-or.org/Ipopt
******************************************************************************

NOTE: You are using Ipopt by default with the MUMPS linear solver.
      Other linear solvers might be more efficient (see Ipopt documentation).


Number of nonzeros in equality constraint Jacobian...:       62
Number of nonzeros in inequality constraint Jacobian.:       64
Number of nonzeros in Lagrangian Hessian.............:        0

Total number of variables............................:       37
                     variables with only lower bounds:       32
                variables with lower and upper bounds:        5
                     variables with only upper bounds:        0
Total number of equality constraints.................:       17
Total number of inequality constraints...............:       64
        inequality constraints with only lower bounds:       32
   inequality constraints with lower and upper bounds:        0
        inequality constraints with only upper bounds:       32

iter    objective    inf_pr   inf_du lg(mu)  ||d||  lg(rg) alpha_du alpha_pr  ls
   0 -2.6829000e+002 1.38e+004 4.49e-001   0.0 0.00e+000    -  0.00e+000 0.00e+000   0
   1 -2.6941049e+002 1.38e+004 1.10e+002   1.5 8.92e+003    -  1.11e-006 1.25e-004f  1
   2 -2.7012229e+002 1.38e+004 8.81e+002   1.8 1.38e+004    -  8.78e-005 1.46e-003f  1
   3 -2.7056082e+002 1.38e+004 8.80e+002   0.9 1.38e+004    -  1.15e-003 1.39e-003f  1
   4 -2.6748046e+002 1.36e+004 8.59e+002   1.1 1.38e+004    -  3.63e-003 1.74e-002f  1
   5 -1.8176077e+002 1.82e-012 2.36e+003   1.1 1.35e+004    -  2.70e-002 1.00e+000f  1
   6 -2.6245552e+002 2.84e-014 5.57e+002   0.8 2.07e+001    -  8.71e-001 7.65e-001f  1
   7 -2.6612331e+002 2.84e-014 3.38e+000  -0.0 6.44e+000    -  9.58e-001 1.00e+000f  1
   8 -2.7068066e+002 2.84e-014 4.36e-001  -1.3 2.56e+000    -  9.72e-001 1.00e+000f  1
   9 -2.7091313e+002 2.84e-014 8.68e-003  -2.0 8.24e+000    -  9.90e-001 1.00e+000f  1
iter    objective    inf_pr   inf_du lg(mu)  ||d||  lg(rg) alpha_du alpha_pr  ls
  10 -2.7099635e+002 1.82e-012 2.20e-004  -3.4 1.94e+000    -  9.93e-001 1.00e+000f  1
  11 -2.7099998e+002 2.84e-014 3.67e-011  -5.4 4.12e-001    -  1.00e+000 1.00e+000f  1
  12 -2.7100000e+002 2.84e-014 8.42e-010 -11.0 1.49e-004    -  1.00e+000 1.00e+000f  1

Number of Iterations....: 12

                                   (scaled)                 (unscaled)
Objective...............: -2.7099999999937432e+002  -2.7099999999937432e+002
Dual infeasibility......:  8.4174656134194947e-010   8.4174656134194947e-010
Constraint violation....:  2.8421709430404007e-014   2.8421709430404007e-014
Complementarity.........:  5.0107824692157120e-010   5.0107824692157120e-010
Overall NLP error.......:  8.4174656134194947e-010   8.4174656134194947e-010


Number of objective function evaluations             = 13
Number of objective gradient evaluations             = 13
Number of equality constraint evaluations            = 13
Number of inequality constraint evaluations          = 13
Number of equality constraint Jacobian evaluations   = 13
Number of inequality constraint Jacobian evaluations = 13
Number of Lagrangian Hessian evaluations             = 12
Total CPU secs in IPOPT (w/o function evaluations)   =      0.067
Total CPU secs in NLP function evaluations           =      0.000

EXIT: Optimal Solution Found.
--- Restarting execution
--- Demo 3.gms(480) 2 Mb
--- Reading solution for model Demo3
--- Demo 3.gms(480) 2 Mb
--- Executing after solve: elapsed 0:00:00.706
--- Demo 3.gms(477) 3 Mb
--- Generating LP model Demo3
--- Demo 3.gms(480) 3 Mb
--- LOOPS tsteps = 5
---   82 rows  45 columns  139 non-zeroes
--- Demo 3.gms(480) 3 Mb
--- Executing COINIPOPT: elapsed 0:00:00.731

GAMS/CoinIpopt NLP Solver (IPOPT Library 3.4dev, using MUMPS Library 4.7.3)
written by A. Waechter

******************************************************************************
This program contains Ipopt, a library for large-scale nonlinear optimization.
 Ipopt is released as open source code under the Common Public License (CPL).
         For more information visit http://projects.coin-or.org/Ipopt
******************************************************************************

NOTE: You are using Ipopt by default with the MUMPS linear solver.
      Other linear solvers might be more efficient (see Ipopt documentation).


Number of nonzeros in equality constraint Jacobian...:       62
Number of nonzeros in inequality constraint Jacobian.:       64
Number of nonzeros in Lagrangian Hessian.............:        0

Total number of variables............................:       37
                     variables with only lower bounds:       32
                variables with lower and upper bounds:        5
                     variables with only upper bounds:        0
Total number of equality constraints.................:       17
Total number of inequality constraints...............:       64
        inequality constraints with only lower bounds:       32
   inequality constraints with lower and upper bounds:        0
        inequality constraints with only upper bounds:       32

iter    objective    inf_pr   inf_du lg(mu)  ||d||  lg(rg) alpha_du alpha_pr  ls
   0 -2.6829000e+002 1.48e+004 4.55e-001   0.0 0.00e+000    -  0.00e+000 0.00e+000   0
   1 -2.6940287e+002 1.48e+004 1.10e+002   1.5 9.54e+003    -  1.04e-006 1.17e-004f  1
   2 -2.7000193e+002 1.48e+004 8.86e+002   1.8 1.47e+004    -  8.20e-005 1.37e-003f  1
   3 -2.7048978e+002 1.48e+004 8.84e+002  -3.0 1.47e+004    -  1.17e-003 1.27e-003h  1
   4 -2.7018244e+002 1.47e+004 8.83e+002   0.9 1.47e+004    -  2.85e-003 2.13e-003f  1
   5 -2.5585464e+002 1.36e+004 1.04e+003   1.4 1.47e+004    -  9.72e-004 7.75e-002f  1
   6 -2.4269363e+002 4.22e+003 2.38e+002   0.9 1.36e+004    -  9.67e-002 6.89e-001f  1
   7 -2.4485085e+002 1.02e+003 5.46e+001   0.8 4.20e+003    -  8.21e-001 7.57e-001f  1
   8 -2.6301792e+002 1.27e+002 7.56e+000  -3.7 1.02e+003    -  8.31e-001 8.76e-001h  1
   9 -2.7074165e+002 3.30e+000 5.17e-001  -4.5 1.27e+002    -  9.28e-001 9.74e-001h  1
iter    objective    inf_pr   inf_du lg(mu)  ||d||  lg(rg) alpha_du alpha_pr  ls
  10 -2.7097434e+002 4.04e-002 6.45e-002  -5.6 3.27e+000    -  8.58e-001 9.88e-001h  1
  11 -2.7099948e+002 4.07e-004 5.73e-003  -6.5 3.51e-001    -  8.90e-001 9.90e-001h  1
  12 -2.7099999e+002 3.95e-006 5.99e-005  -7.4 7.51e-003    -  9.90e-001 9.90e-001h  1
  13 -2.7100000e+002 3.92e-008 6.01e-007  -9.4 1.68e-003    -  9.90e-001 9.90e-001h  1
  14 -2.7100000e+002 5.46e-012 2.63e-010 -11.0 4.36e-003    -  1.00e+000 1.00e+000h  1
  15 -2.7100000e+002 5.68e-014 3.92e-011 -11.0 6.87e+000    -  8.50e-001 1.00e+000h  1
  16 -2.7100000e+002 2.84e-014 1.78e-011 -11.0 5.61e+001    -  6.27e-001 1.00e+000h  1

Number of Iterations....: 16

                                   (scaled)                 (unscaled)
Objective...............: -2.7099999999994998e+002  -2.7099999999994998e+002
Dual infeasibility......:  1.7781331962396507e-011   1.7781331962396507e-011
Constraint violation....:  2.8421709430404007e-014   2.8421709430404007e-014
Complementarity.........:  8.8409232627550414e-009   8.8409232627550414e-009
Overall NLP error.......:  8.8409232627550414e-009   8.8409232627550414e-009


Number of objective function evaluations             = 17
Number of objective gradient evaluations             = 17
Number of equality constraint evaluations            = 17
Number of inequality constraint evaluations          = 17
Number of equality constraint Jacobian evaluations   = 17
Number of inequality constraint Jacobian evaluations = 17
Number of Lagrangian Hessian evaluations             = 16
Total CPU secs in IPOPT (w/o function evaluations)   =      0.078
Total CPU secs in NLP function evaluations           =      0.000

EXIT: Optimal Solution Found.
--- Restarting execution
--- Demo 3.gms(480) 2 Mb
--- Reading solution for model Demo3
--- Demo 3.gms(480) 2 Mb
--- Executing after solve: elapsed 0:00:00.870
--- Demo 3.gms(477) 3 Mb
--- Generating LP model Demo3
--- Demo 3.gms(480) 3 Mb
--- LOOPS tsteps = 6
---   82 rows  45 columns  139 non-zeroes
--- Demo 3.gms(480) 3 Mb
--- Executing COINIPOPT: elapsed 0:00:00.894

GAMS/CoinIpopt NLP Solver (IPOPT Library 3.4dev, using MUMPS Library 4.7.3)
written by A. Waechter

******************************************************************************
This program contains Ipopt, a library for large-scale nonlinear optimization.
 Ipopt is released as open source code under the Common Public License (CPL).
         For more information visit http://projects.coin-or.org/Ipopt
******************************************************************************

NOTE: You are using Ipopt by default with the MUMPS linear solver.
      Other linear solvers might be more efficient (see Ipopt documentation).


Number of nonzeros in equality constraint Jacobian...:       62
Number of nonzeros in inequality constraint Jacobian.:       64
Number of nonzeros in Lagrangian Hessian.............:        0

Total number of variables............................:       37
                     variables with only lower bounds:       32
                variables with lower and upper bounds:        5
                     variables with only upper bounds:        0
Total number of equality constraints.................:       17
Total number of inequality constraints...............:       64
        inequality constraints with only lower bounds:       32
   inequality constraints with lower and upper bounds:        0
        inequality constraints with only upper bounds:       32

iter    objective    inf_pr   inf_du lg(mu)  ||d||  lg(rg) alpha_du alpha_pr  ls
   0 -2.6829000e+002 1.58e+004 4.30e-001   0.0 0.00e+000    -  0.00e+000 0.00e+000   0
   1 -2.6940070e+002 1.57e+004 1.15e+002   1.3 1.02e+004    -  9.77e-007 1.15e-004f  1
   2 -2.6964878e+002 1.57e+004 8.79e+002   1.9 1.58e+004    -  7.99e-005 1.25e-003f  1
   3 -2.7021058e+002 1.57e+004 8.76e+002  -3.0 1.57e+004    -  1.08e-003 1.49e-003h  1
   4 -2.6991981e+002 1.57e+004 8.74e+002   0.9 1.57e+004    -  3.05e-003 2.62e-003f  1
   5 -2.3338305e+002 1.20e+004 1.14e+003   1.3 1.56e+004    -  1.17e-003 2.37e-001f  1
   6 -2.4923029e+002 8.64e+003 8.18e+002   1.3 1.19e+004    -  3.03e-001 2.78e-001f  1
   7 -2.1290382e+002 1.82e-012 4.77e+001   1.2 8.61e+003    -  8.63e-001 1.00e+000f  1
   8 -2.4852103e+002 2.84e-014 2.31e+000   0.5 1.52e+001    -  9.31e-001 1.00e+000f  1
   9 -2.6899904e+002 5.68e-014 1.19e+000  -0.6 5.16e+000    -  9.90e-001 9.59e-001f  1
iter    objective    inf_pr   inf_du lg(mu)  ||d||  lg(rg) alpha_du alpha_pr  ls
  10 -2.7088111e+002 2.84e-014 3.55e-002  -1.9 1.44e+000    -  9.91e-001 1.00e+000f  1
  11 -2.7098920e+002 2.84e-014 1.07e-008  -3.0 2.18e+000    -  1.00e+000 1.00e+000f  1
  12 -2.7099990e+002 5.68e-014 1.69e-006  -4.9 4.05e-001    -  9.99e-001 1.00e+000f  1
  13 -2.7100000e+002 2.84e-014 1.54e-008 -10.8 6.41e-004    -  1.00e+000 1.00e+000f  1
  14 -2.7100000e+002 2.84e-014 1.13e-011 -11.0 1.13e-007  -4.0 1.00e+000 1.00e+000h  1

Number of Iterations....: 14

                                   (scaled)                 (unscaled)
Objective...............: -2.7099999999994998e+002  -2.7099999999994998e+002
Dual infeasibility......:  1.1296252727096706e-011   1.1296252727096706e-011
Constraint violation....:  2.8421709430404007e-014   2.8421709430404007e-014
Complementarity.........:  1.0003109451808452e-011   1.0003109451808452e-011
Overall NLP error.......:  1.1296252727096706e-011   1.1296252727096706e-011


Number of objective function evaluations             = 15
Number of objective gradient evaluations             = 15
Number of equality constraint evaluations            = 15
Number of inequality constraint evaluations          = 15
Number of equality constraint Jacobian evaluations   = 15
Number of inequality constraint Jacobian evaluations = 15
Number of Lagrangian Hessian evaluations             = 14
Total CPU secs in IPOPT (w/o function evaluations)   =      0.048
Total CPU secs in NLP function evaluations           =      0.002

EXIT: Optimal Solution Found.
--- Restarting execution
--- Demo 3.gms(480) 2 Mb
--- Reading solution for model Demo3
--- Demo 3.gms(480) 2 Mb
--- Executing after solve: elapsed 0:00:01.019
--- Demo 3.gms(477) 3 Mb
--- Generating LP model Demo3
--- Demo 3.gms(480) 3 Mb
--- LOOPS tsteps = 7
---   82 rows  45 columns  139 non-zeroes
--- Demo 3.gms(480) 3 Mb
--- Executing COINIPOPT: elapsed 0:00:01.046

GAMS/CoinIpopt NLP Solver (IPOPT Library 3.4dev, using MUMPS Library 4.7.3)
written by A. Waechter

******************************************************************************
This program contains Ipopt, a library for large-scale nonlinear optimization.
 Ipopt is released as open source code under the Common Public License (CPL).
         For more information visit http://projects.coin-or.org/Ipopt
******************************************************************************

NOTE: You are using Ipopt by default with the MUMPS linear solver.
      Other linear solvers might be more efficient (see Ipopt documentation).


Number of nonzeros in equality constraint Jacobian...:       62
Number of nonzeros in inequality constraint Jacobian.:       64
Number of nonzeros in Lagrangian Hessian.............:        0

Total number of variables............................:       37
                     variables with only lower bounds:       32
                variables with lower and upper bounds:        5
                     variables with only upper bounds:        0
Total number of equality constraints.................:       17
Total number of inequality constraints...............:       64
        inequality constraints with only lower bounds:       32
   inequality constraints with lower and upper bounds:        0
        inequality constraints with only upper bounds:       32

iter    objective    inf_pr   inf_du lg(mu)  ||d||  lg(rg) alpha_du alpha_pr  ls
   0 -2.6829000e+002 1.57e+004 4.30e-001   0.0 0.00e+000    -  0.00e+000 0.00e+000   0
   1 -2.6939584e+002 1.57e+004 1.23e+002   1.5 1.01e+004    -  9.81e-007 1.23e-004f  1
   2 -2.6960390e+002 1.57e+004 7.92e+002   1.9 1.58e+004    -  8.47e-005 1.14e-003f  1
   3 -2.7013933e+002 1.57e+004 7.89e+002  -3.0 1.56e+004    -  9.80e-004 1.51e-003h  1
   4 -2.6970075e+002 1.56e+004 7.86e+002   0.9 1.56e+004    -  2.84e-003 3.29e-003f  1
   5 -2.6331670e+002 1.47e+004 8.22e+002   1.3 1.56e+004    -  1.03e-003 5.82e-002f  1
   6 -2.2350437e+002 5.68e-014 1.21e+003   1.1 1.47e+004    -  8.72e-002 1.00e+000f  1
   7 -2.5590398e+002 2.84e-014 1.17e+002   0.8 9.52e+000    -  9.19e-001 9.04e-001f  1
   8 -2.6632061e+002 5.68e-014 6.07e+000  -0.3 5.40e+000    -  9.37e-001 1.00e+000f  1
   9 -2.7074490e+002 5.68e-014 3.45e-001  -1.4 2.35e+000    -  9.76e-001 1.00e+000f  1
iter    objective    inf_pr   inf_du lg(mu)  ||d||  lg(rg) alpha_du alpha_pr  ls
  10 -2.7091273e+002 5.68e-014 5.89e-003  -2.0 1.04e+001    -  9.91e-001 1.00e+000f  1
  11 -2.7099621e+002 5.68e-014 5.50e-004  -3.5 1.32e+000    -  9.86e-001 1.00e+000f  1
  12 -2.7099998e+002 1.42e-014 3.19e-007  -5.4 3.64e-001    -  1.00e+000 1.00e+000f  1
  13 -2.7100000e+002 2.84e-014 9.38e-010 -11.0 1.04e-004    -  1.00e+000 1.00e+000f  1

Number of Iterations....: 13

                                   (scaled)                 (unscaled)
Objective...............: -2.7099999999945135e+002  -2.7099999999945135e+002
Dual infeasibility......:  9.3845808901704686e-010   9.3845808901704686e-010
Constraint violation....:  2.8421709430404007e-014   2.8421709430404007e-014
Complementarity.........:  3.9446532678739497e-010   3.9446532678739497e-010
Overall NLP error.......:  9.3845808901704686e-010   9.3845808901704686e-010


Number of objective function evaluations             = 14
Number of objective gradient evaluations             = 14
Number of equality constraint evaluations            = 14
Number of inequality constraint evaluations          = 14
Number of equality constraint Jacobian evaluations   = 14
Number of inequality constraint Jacobian evaluations = 14
Number of Lagrangian Hessian evaluations             = 13
Total CPU secs in IPOPT (w/o function evaluations)   =      0.044
Total CPU secs in NLP function evaluations           =      0.000

EXIT: Optimal Solution Found.
--- Restarting execution
--- Demo 3.gms(480) 2 Mb
--- Reading solution for model Demo3
--- Demo 3.gms(480) 2 Mb
--- Executing after solve: elapsed 0:00:01.159
--- Demo 3.gms(477) 3 Mb
--- Generating LP model Demo3
--- Demo 3.gms(480) 3 Mb
--- LOOPS tsteps = 8
---   82 rows  45 columns  139 non-zeroes
--- Demo 3.gms(480) 3 Mb
--- Executing COINIPOPT: elapsed 0:00:01.193

GAMS/CoinIpopt NLP Solver (IPOPT Library 3.4dev, using MUMPS Library 4.7.3)
written by A. Waechter

******************************************************************************
This program contains Ipopt, a library for large-scale nonlinear optimization.
 Ipopt is released as open source code under the Common Public License (CPL).
         For more information visit http://projects.coin-or.org/Ipopt
******************************************************************************

NOTE: You are using Ipopt by default with the MUMPS linear solver.
      Other linear solvers might be more efficient (see Ipopt documentation).


Number of nonzeros in equality constraint Jacobian...:       62
Number of nonzeros in inequality constraint Jacobian.:       64
Number of nonzeros in Lagrangian Hessian.............:        0

Total number of variables............................:       37
                     variables with only lower bounds:       32
                variables with lower and upper bounds:        5
                     variables with only upper bounds:        0
Total number of equality constraints.................:       17
Total number of inequality constraints...............:       64
        inequality constraints with only lower bounds:       32
   inequality constraints with lower and upper bounds:        0
        inequality constraints with only upper bounds:       32

iter    objective    inf_pr   inf_du lg(mu)  ||d||  lg(rg) alpha_du alpha_pr  ls
   0 -2.6829000e+002 1.57e+004 4.30e-001   0.0 0.00e+000    -  0.00e+000 0.00e+000   0
   1 -2.6939186e+002 1.57e+004 1.23e+002   1.3 1.01e+004    -  9.82e-007 1.23e-004f  1
   2 -2.6952549e+002 1.56e+004 8.79e+002   1.9 1.57e+004    -  8.50e-005 1.25e-003f  1
   3 -2.6996870e+002 1.56e+004 8.77e+002  -3.0 1.56e+004    -  1.07e-003 1.42e-003h  1
   4 -2.6955006e+002 1.56e+004 8.74e+002   0.9 1.56e+004    -  2.76e-003 2.82e-003f  1
   5 -2.6006098e+002 1.41e+004 9.29e+002   1.3 1.55e+004    -  1.16e-003 9.41e-002f  1
   6 -2.1864804e+002 1.82e-012 7.11e+002   1.1 1.41e+004    -  1.33e-001 1.00e+000f  1
   7 -2.5945325e+002 5.68e-014 7.63e+001   0.8 1.14e+001    -  9.33e-001 8.98e-001f  1
   8 -2.6580050e+002 1.42e-014 6.03e+000  -0.1 6.98e+000    -  9.27e-001 1.00e+000f  1
   9 -2.7072421e+002 5.68e-014 2.87e-001  -1.4 1.89e+000    -  9.82e-001 1.00e+000f  1
iter    objective    inf_pr   inf_du lg(mu)  ||d||  lg(rg) alpha_du alpha_pr  ls
  10 -2.7092236e+002 1.42e-014 4.96e-003  -2.1 8.55e+000    -  9.91e-001 1.00e+000f  1
  11 -2.7099722e+002 7.11e-015 1.99e-004  -3.6 1.28e+000    -  9.93e-001 1.00e+000f  1
  12 -2.7099999e+002 5.68e-014 8.57e-006  -9.5 2.53e-002    -  9.93e-001 9.98e-001f  1
  13 -2.7100000e+002 1.82e-012 3.78e-011 -11.0 1.73e-004    -  1.00e+000 1.00e+000f  1

Number of Iterations....: 13

                                   (scaled)                 (unscaled)
Objective...............: -2.7099999999990689e+002  -2.7099999999990689e+002
Dual infeasibility......:  3.7821079601485508e-011   3.7821079601485508e-011
Constraint violation....:  1.8189894035458565e-012   1.8189894035458565e-012
Complementarity.........:  6.8315579657650983e-011   6.8315579657650983e-011
Overall NLP error.......:  6.8315579657650983e-011   6.8315579657650983e-011


Number of objective function evaluations             = 14
Number of objective gradient evaluations             = 14
Number of equality constraint evaluations            = 14
Number of inequality constraint evaluations          = 14
Number of equality constraint Jacobian evaluations   = 14
Number of inequality constraint Jacobian evaluations = 14
Number of Lagrangian Hessian evaluations             = 13
Total CPU secs in IPOPT (w/o function evaluations)   =      0.040
Total CPU secs in NLP function evaluations           =      0.000

EXIT: Optimal Solution Found.
--- Restarting execution
--- Demo 3.gms(480) 2 Mb
--- Reading solution for model Demo3
--- Demo 3.gms(480) 2 Mb
--- Executing after solve: elapsed 0:00:01.303
--- Demo 3.gms(477) 3 Mb
--- Generating LP model Demo3
--- Demo 3.gms(480) 3 Mb
--- LOOPS tsteps = 9
---   82 rows  45 columns  139 non-zeroes
--- Demo 3.gms(480) 3 Mb
--- Executing COINIPOPT: elapsed 0:00:01.332

GAMS/CoinIpopt NLP Solver (IPOPT Library 3.4dev, using MUMPS Library 4.7.3)
written by A. Waechter

******************************************************************************
This program contains Ipopt, a library for large-scale nonlinear optimization.
 Ipopt is released as open source code under the Common Public License (CPL).
         For more information visit http://projects.coin-or.org/Ipopt
******************************************************************************

NOTE: You are using Ipopt by default with the MUMPS linear solver.
      Other linear solvers might be more efficient (see Ipopt documentation).


Number of nonzeros in equality constraint Jacobian...:       62
Number of nonzeros in inequality constraint Jacobian.:       64
Number of nonzeros in Lagrangian Hessian.............:        0

Total number of variables............................:       37
                     variables with only lower bounds:       32
                variables with lower and upper bounds:        5
                     variables with only upper bounds:        0
Total number of equality constraints.................:       17
Total number of inequality constraints...............:       64
        inequality constraints with only lower bounds:       32
   inequality constraints with lower and upper bounds:        0
        inequality constraints with only upper bounds:       32

iter    objective    inf_pr   inf_du lg(mu)  ||d||  lg(rg) alpha_du alpha_pr  ls
   0 -2.6829000e+002 1.56e+004 4.44e-001   0.0 0.00e+000    -  0.00e+000 0.00e+000   0
   1 -2.6917045e+002 1.56e+004 1.27e+003   1.9 1.01e+004    -  9.92e-007 1.27e-003f  1
   2 -2.6639966e+002 1.53e+004 1.21e+004   1.8 1.51e+004    -  8.47e-004 1.96e-002f  1
   3 -2.4638949e+002 1.31e+004 7.94e+003   1.1 1.49e+004    -  1.06e-002 1.43e-001f  1
   4 -6.1199020e+001 2.03e-014 6.76e+003   1.1 1.31e+004    -  4.89e-002 1.00e+000f  1
   5 -6.3096147e+001 5.68e-014 7.38e-001  -3.1 3.58e+000    -  9.43e-001 1.00e+000f  1
   6 -6.9605945e+001 5.68e-014 6.33e-001   0.3 6.68e+001    -  9.50e-001 1.00e+000f  1
   7 -8.1385918e+001 5.68e-014 9.10e-002  -0.2 2.29e+001    -  9.92e-001 1.00e+000f  1
   8 -9.8363405e+001 5.68e-014 6.79e-003  -0.8 3.16e+001    -  1.00e+000 9.95e-001f  1
   9 -1.0154250e+002 1.82e-012 5.13e-001  -1.9 7.03e+000    -  9.76e-001 7.08e-001f  1
iter    objective    inf_pr   inf_du lg(mu)  ||d||  lg(rg) alpha_du alpha_pr  ls
  10 -1.0254126e+002 5.68e-014 1.97e-001  -2.1 1.38e+001    -  8.47e-001 1.00e+000f  1
  11 -1.0273512e+002 1.82e-012 7.72e-003  -2.9 2.62e+000    -  9.98e-001 8.94e-001f  1
  12 -1.0278810e+002 1.82e-012 1.36e-003  -4.7 5.64e-001    -  9.45e-001 9.98e-001f  1
  13 -1.0278907e+002 5.68e-014 6.22e-012  -6.2 2.68e-002    -  1.00e+000 1.00e+000f  1
  14 -1.0278909e+002 1.82e-012 1.55e-014 -11.0 1.09e-004    -  1.00e+000 1.00e+000f  1

Number of Iterations....: 14

                                   (scaled)                 (unscaled)
Objective...............: -1.0278909040935150e+002  -1.0278909040935150e+002
Dual infeasibility......:  1.5485151621600344e-014   1.5485151621600344e-014
Constraint violation....:  1.8189894035458565e-012   1.8189894035458565e-012
Complementarity.........:  1.9721752739238638e-011   1.9721752739238638e-011
Overall NLP error.......:  1.9721752739238638e-011   1.9721752739238638e-011


Number of objective function evaluations             = 15
Number of objective gradient evaluations             = 15
Number of equality constraint evaluations            = 15
Number of inequality constraint evaluations          = 15
Number of equality constraint Jacobian evaluations   = 15
Number of inequality constraint Jacobian evaluations = 15
Number of Lagrangian Hessian evaluations             = 14
Total CPU secs in IPOPT (w/o function evaluations)   =      0.041
Total CPU secs in NLP function evaluations           =      0.000

EXIT: Optimal Solution Found.
--- Restarting execution
--- Demo 3.gms(480) 2 Mb
--- Reading solution for model Demo3
--- Demo 3.gms(480) 2 Mb
--- Executing after solve: elapsed 0:00:01.438
--- Demo 3.gms(490) 3 Mb
*** Status: Normal completion
--- Job Demo 3.gms Stop 11/06/14 19:13:51 elapsed 0:00:01.444
