
--- Job Demo2.gms Start 11/06/14 12:36:58
GAMS Rev 227  Copyright (C) 1987-2008 GAMS Development. All rights reserved
Licensee: Julien Harou                                   S111125:0840AN-WIN
          University College London, Dep. of Civil, Environmental & GDC9389
          License for teaching and research at degree granting institutions
--- Starting compilation
--- Demo2.gms(12) 2 Mb
--- .dataset 1.txt(108) 3 Mb
--- Demo2.gms(19) 3 Mb 1 Error
*** Error 120 in C:\My Manchester\Watersys\Demo2\Demo2.gms
    Unknown identifier entered as set
--- Demo2.gms(35) 3 Mb 2 Errors
*** Error 120 in C:\My Manchester\Watersys\Demo2\Demo2.gms
    Unknown identifier entered as set
--- Demo2.gms(52) 3 Mb 3 Errors
*** Error 148 in C:\My Manchester\Watersys\Demo2\Demo2.gms
    Dimension different - The symbol is referenced with more/less
       indices as declared
--- Demo2.gms(58) 3 Mb 4 Errors
*** Error 148 in C:\My Manchester\Watersys\Demo2\Demo2.gms
    Dimension different - The symbol is referenced with more/less
       indices as declared
--- Demo2.gms(63) 3 Mb 6 Errors
*** Error 148 in C:\My Manchester\Watersys\Demo2\Demo2.gms
    Dimension different - The symbol is referenced with more/less
       indices as declared
*** Error 148 in C:\My Manchester\Watersys\Demo2\Demo2.gms
    Dimension different - The symbol is referenced with more/less
       indices as declared
--- Demo2.gms(71) 3 Mb 11 Errors
*** Error 171 in C:\My Manchester\Watersys\Demo2\Demo2.gms
    Domain violation for set
*** Error 148 in C:\My Manchester\Watersys\Demo2\Demo2.gms
    Dimension different - The symbol is referenced with more/less
       indices as declared
*** Error 171 in C:\My Manchester\Watersys\Demo2\Demo2.gms
    Domain violation for set
*** Error 171 in C:\My Manchester\Watersys\Demo2\Demo2.gms
    Domain violation for set
*** Error 148 in C:\My Manchester\Watersys\Demo2\Demo2.gms
    Dimension different - The symbol is referenced with more/less
       indices as declared
--- Demo2.gms(72) 3 Mb 12 Errors
*** Error 171 in C:\My Manchester\Watersys\Demo2\Demo2.gms
    Domain violation for set
--- Demo2.gms(73) 3 Mb 13 Errors
*** Error 171 in C:\My Manchester\Watersys\Demo2\Demo2.gms
    Domain violation for set
--- Demo2.gms(74) 3 Mb 14 Errors
*** Error 171 in C:\My Manchester\Watersys\Demo2\Demo2.gms
    Domain violation for set
--- Demo2.gms(75) 3 Mb 15 Errors
*** Error 140 in C:\My Manchester\Watersys\Demo2\Demo2.gms
    Unknown symbol
--- Demo2.gms(81) 3 Mb 16 Errors
*** Error 148 in C:\My Manchester\Watersys\Demo2\Demo2.gms
    Dimension different - The symbol is referenced with more/less
       indices as declared
--- Demo2.gms(84) 3 Mb 17 Errors
*** Error 148 in C:\My Manchester\Watersys\Demo2\Demo2.gms
    Dimension different - The symbol is referenced with more/less
       indices as declared
--- Demo2.gms(89) 3 Mb 19 Errors
*** Error 171 in C:\My Manchester\Watersys\Demo2\Demo2.gms
    Domain violation for set
*** Error 140 in C:\My Manchester\Watersys\Demo2\Demo2.gms
    Unknown symbol
--- Demo2.gms(92) 3 Mb 21 Errors
*** Error 171 in C:\My Manchester\Watersys\Demo2\Demo2.gms
    Domain violation for set
*** Error 140 in C:\My Manchester\Watersys\Demo2\Demo2.gms
    Unknown symbol
--- Demo2.gms(100) 3 Mb 23 Errors
*** Error 120 in C:\My Manchester\Watersys\Demo2\Demo2.gms
    Unknown identifier entered as set
*** Error 340 in C:\My Manchester\Watersys\Demo2\Demo2.gms
    A label/element with the same name exist. You may have forgotten
       to quote a label/element reference. For example,
       set i / a,b,c /; parameter x(i); x('a') = 10;
--- Demo2.gms(101) 3 Mb 24 Errors
*** Error 171 in C:\My Manchester\Watersys\Demo2\Demo2.gms
    Domain violation for set
--- Demo2.gms(103) 3 Mb 25 Errors
*** Error 257 in C:\My Manchester\Watersys\Demo2\Demo2.gms
    Solve statement not checked because of previous errors
--- Demo2.gms(104) 3 Mb 28 Errors
*** Error 171 in C:\My Manchester\Watersys\Demo2\Demo2.gms
    Domain violation for set
*** Error 141 in C:\My Manchester\Watersys\Demo2\Demo2.gms
    Symbol neither initialized nor assigned
       A wild shot: You may have spurious commas in the explanatory
       text of a declaration. Check symbol reference list.
*** Error 171 in C:\My Manchester\Watersys\Demo2\Demo2.gms
    Domain violation for set
--- Demo2.gms(105) 3 Mb 30 Errors
*** Error 171 in C:\My Manchester\Watersys\Demo2\Demo2.gms
    Domain violation for set
*** Error 141 in C:\My Manchester\Watersys\Demo2\Demo2.gms
    Symbol neither initialized nor assigned
       A wild shot: You may have spurious commas in the explanatory
       text of a declaration. Check symbol reference list.
--- Demo2.gms(106) 3 Mb 31 Errors
*** Error 141 in C:\My Manchester\Watersys\Demo2\Demo2.gms
    Symbol neither initialized nor assigned
       A wild shot: You may have spurious commas in the explanatory
       text of a declaration. Check symbol reference list.
--- Demo2.gms(107) 3 Mb 32 Errors
*** Error 171 in C:\My Manchester\Watersys\Demo2\Demo2.gms
    Domain violation for set
--- Demo2.gms(124) 3 Mb 32 Errors
*** Status: Compilation error(s)
--- Job Demo2.gms Stop 11/06/14 12:36:58 elapsed 0:00:00.100
Exit code = 2
